nvidia-installer log file '/var/log/nvidia-installer.log'
creation time: Tue Oct 10 05:03:22 2023
installer version: 535.104.12

PATH: /usr/local/bin:/usr/bin:/usr/local/sbin:/usr/sbin:/sbin:/usr/local/cuda/bin

nvidia-installer command line:
    ./nvidia-installer

Unable to load: nvidia-installer ncurses v6 user interface

Using: nvidia-installer ncurses user interface
-> Detected 32 CPUs online; setting concurrency level to 32.
-> Installing NVIDIA driver version 535.104.12.
-> There appears to already be a driver installed on your system (version: 520.61.05).  As part of installing this driver (version: 535.104.12), the existing driver will be uninstalled.  Are you sure you want to continue? (Answer: Continue installation)
-> Performing CC sanity check with CC="/usr/bin/cc".
-> Performing CC check.
-> Kernel source path: '/lib/modules/3.10.0-1160.95.1.el7.x86_64/source'
-> Kernel output path: '/lib/modules/3.10.0-1160.95.1.el7.x86_64/build'
-> Performing Compiler check.
-> Performing Dom0 check.
-> Performing Xen check.
-> Performing PREEMPT_RT check.
-> Performing vgpu_kvm check.
-> Cleaning kernel module build directory.
   executing: 'cd ./kernel; /usr/bin/make -k -j32  NV_EXCLUDE_KERNEL_MODULES="" SYSSRC="/lib/modules/3.10.0-1160.95.1.el7.x86_64/source" SYSOUT="/lib/modules/3.10.0-1160.95.1.el7.x86_64/build" clean'...
   rm -f -r conftest
   make[1]: Entering directory `/usr/src/kernels/3.10.0-1160.95.1.el7.x86_64'
   make[1]: Leaving directory `/usr/src/kernels/3.10.0-1160.95.1.el7.x86_64'
-> Building kernel modules
   executing: 'cd ./kernel; /usr/bin/make -k -j32  NV_EXCLUDE_KERNEL_MODULES="" SYSSRC="/lib/modules/3.10.0-1160.95.1.el7.x86_64/source" SYSOUT="/lib/modules/3.10.0-1160.95.1.el7.x86_64/build" '...
   make[1]: Entering directory `/usr/src/kernels/3.10.0-1160.95.1.el7.x86_64'
     SYMLINK /tmp/selfgz18275/NVIDIA-Linux-x86_64-535.104.12/kernel/nvidia/nv-kernel.o
     SYMLINK /tmp/selfgz18275/NVIDIA-Linux-x86_64-535.104.12/kernel/nvidia-modeset/nv-modeset-kernel.o
    CONFTEST: hash__remap_4k_pfn
    CONFTEST: set_pages_uc
    CONFTEST: list_is_first
    CONFTEST: set_memory_uc
    CONFTEST: set_memory_array_uc
    CONFTEST: set_pages_array_uc
    CONFTEST: ioremap_cache
    CONFTEST: ioremap_wc
    CONFTEST: ioremap_driver_hardened
    CONFTEST: ioremap_driver_hardened_wc
    CONFTEST: ioremap_cache_shared
    CONFTEST: pci_get_domain_bus_and_slot
    CONFTEST: get_num_physpages
    CONFTEST: pde_data
    CONFTEST: xen_ioemu_inject_msi
    CONFTEST: phys_to_dma
    CONFTEST: get_dma_ops
    CONFTEST: dma_attr_macros
    CONFTEST: dma_map_page_attrs
    CONFTEST: write_cr4
    CONFTEST: of_find_node_by_phandle
    CONFTEST: of_node_to_nid
    CONFTEST: pnv_pci_get_npu_dev
    CONFTEST: of_get_ibm_chip_id
    CONFTEST: pci_bus_address
    CONFTEST: pci_stop_and_remove_bus_device
    CONFTEST: wait_for_random_bytes
    CONFTEST: register_cpu_notifier
    CONFTEST: cpuhp_setup_state
    CONFTEST: dma_map_resource
    CONFTEST: get_backlight_device_by_name
    CONFTEST: pci_rebar_get_possible_sizes
    CONFTEST: timer_setup
    CONFTEST: pci_enable_msix_range
    CONFTEST: kernel_read_has_pointer_pos_arg
    CONFTEST: kernel_write_has_pointer_pos_arg
    CONFTEST: dma_direct_map_resource
    CONFTEST: tegra_get_platform
    CONFTEST: tegra_bpmp_send_receive
    CONFTEST: flush_cache_all
    CONFTEST: vmf_insert_pfn
    CONFTEST: jiffies_to_timespec
    CONFTEST: ktime_get_raw_ts64
    CONFTEST: ktime_get_real_ts64
    CONFTEST: full_name_hash
    CONFTEST: pci_enable_atomic_ops_to_root
    CONFTEST: vga_tryget
    CONFTEST: cc_platform_has
    CONFTEST: seq_read_iter
    CONFTEST: unsafe_follow_pfn
    CONFTEST: drm_gem_object_get
    CONFTEST: drm_gem_object_put_unlocked
    CONFTEST: add_memory_driver_managed
    CONFTEST: device_property_read_u64
    CONFTEST: devm_of_platform_populate
    CONFTEST: of_dma_configure
    CONFTEST: of_property_count_elems_of_size
    CONFTEST: of_property_read_variable_u8_array
    CONFTEST: of_property_read_variable_u32_array
    CONFTEST: i2c_new_client_device
    CONFTEST: i2c_unregister_device
    CONFTEST: of_get_named_gpio
    CONFTEST: devm_gpio_request_one
    CONFTEST: gpio_direction_input
    CONFTEST: gpio_direction_output
    CONFTEST: gpio_get_value
    CONFTEST: gpio_set_value
    CONFTEST: gpio_to_irq
    CONFTEST: icc_get
    CONFTEST: icc_put
    CONFTEST: icc_set_bw
    CONFTEST: dma_buf_export_args
    CONFTEST: dma_buf_ops_has_kmap
    CONFTEST: dma_buf_ops_has_kmap_atomic
    CONFTEST: dma_buf_ops_has_map
    CONFTEST: dma_buf_ops_has_map_atomic
    CONFTEST: dma_buf_has_dynamic_attachment
    CONFTEST: dma_buf_attachment_has_peer2peer
    CONFTEST: dma_set_mask_and_coherent
    CONFTEST: devm_clk_bulk_get_all
    CONFTEST: get_task_ioprio
    CONFTEST: mdev_set_iommu_device
    CONFTEST: offline_and_remove_memory
    CONFTEST: wait_on_bit_lock_argument_count
    CONFTEST: radix_tree_empty
    CONFTEST: radix_tree_replace_slot
    CONFTEST: pnv_npu2_init_context
    CONFTEST: cpumask_of_node
    CONFTEST: ioasid_get
    CONFTEST: mm_pasid_drop
    CONFTEST: migrate_vma_setup
    CONFTEST: mmget_not_zero
    CONFTEST: mmgrab
    CONFTEST: iommu_sva_bind_device_has_drvdata_arg
    CONFTEST: vm_fault_to_errno
    CONFTEST: acpi_video_backlight_use_native
    CONFTEST: drm_dev_unref
    CONFTEST: drm_reinit_primary_mode_group
    CONFTEST: get_user_pages_remote
    CONFTEST: get_user_pages
    CONFTEST: pin_user_pages_remote
    CONFTEST: pin_user_pages
    CONFTEST: drm_gem_object_lookup
    CONFTEST: drm_atomic_state_ref_counting
    CONFTEST: drm_driver_has_gem_prime_res_obj
    CONFTEST: drm_atomic_helper_connector_dpms
    CONFTEST: drm_connector_funcs_have_mode_in_name
    CONFTEST: drm_connector_has_vrr_capable_property
    CONFTEST: drm_framebuffer_get
    CONFTEST: drm_dev_put
    CONFTEST: drm_format_num_planes
    CONFTEST: drm_connector_for_each_possible_encoder
    CONFTEST: drm_rotation_available
    CONFTEST: drm_vma_offset_exact_lookup_locked
    CONFTEST: nvhost_dma_fence_unpack
    CONFTEST: is_export_symbol_gpl_of_node_to_nid
    CONFTEST: is_export_symbol_gpl_sme_active
    CONFTEST: is_export_symbol_present_swiotlb_map_sg_attrs
    CONFTEST: is_export_symbol_present_swiotlb_dma_ops
    CONFTEST: is_export_symbol_present___close_fd
    CONFTEST: is_export_symbol_present_close_fd
    CONFTEST: is_export_symbol_present_get_unused_fd
    CONFTEST: is_export_symbol_present_get_unused_fd_flags
    CONFTEST: is_export_symbol_present_nvhost_get_default_device
    CONFTEST: is_export_symbol_present_nvhost_syncpt_unit_interface_get_byte_offset
    CONFTEST: is_export_symbol_present_nvhost_syncpt_unit_interface_get_aperture
    CONFTEST: is_export_symbol_present_tegra_dce_register_ipc_client
    CONFTEST: is_export_symbol_present_tegra_dce_unregister_ipc_client
    CONFTEST: is_export_symbol_present_tegra_dce_client_ipc_send_recv
    CONFTEST: is_export_symbol_present_dram_clk_to_mc_clk
    CONFTEST: is_export_symbol_present_get_dram_num_channels
    CONFTEST: is_export_symbol_present_tegra_dram_types
    CONFTEST: is_export_symbol_present_pxm_to_node
    CONFTEST: is_export_symbol_present_screen_info
    CONFTEST: is_export_symbol_present_i2c_bus_status
    CONFTEST: is_export_symbol_present_tegra_fuse_control_read
    CONFTEST: is_export_symbol_present_tegra_get_platform
    CONFTEST: is_export_symbol_present_pci_find_host_bridge
    CONFTEST: is_export_symbol_present_tsec_comms_send_cmd
    CONFTEST: is_export_symbol_present_tsec_comms_set_init_cb
    CONFTEST: is_export_symbol_present_tsec_comms_clear_init_cb
    CONFTEST: is_export_symbol_present_tsec_comms_alloc_mem_from_gscco
    CONFTEST: is_export_symbol_present_tsec_comms_free_gscco_mem
    CONFTEST: is_export_symbol_present_memory_block_size_bytes
    CONFTEST: crypto
    CONFTEST: is_export_symbol_present_int_active_memcg
    CONFTEST: dma_ops
    CONFTEST: swiotlb_dma_ops
    CONFTEST: noncoherent_swiotlb_dma_ops
    CONFTEST: vm_fault_has_address
    CONFTEST: vm_insert_pfn_prot
    CONFTEST: vmf_insert_pfn_prot
    CONFTEST: vm_ops_fault_removed_vma_arg
    CONFTEST: kmem_cache_has_kobj_remove_work
    CONFTEST: sysfs_slab_unlink
    CONFTEST: proc_ops
    CONFTEST: timespec64
    CONFTEST: vmalloc_has_pgprot_t_arg
    CONFTEST: mm_has_mmap_lock
    CONFTEST: pci_channel_state
    CONFTEST: pci_dev_has_ats_enabled
    CONFTEST: remove_memory_has_nid_arg
    CONFTEST: add_memory_driver_managed_has_mhp_flags_arg
    CONFTEST: num_registered_fb
    CONFTEST: pci_driver_has_driver_managed_dma
    CONFTEST: vm_area_struct_has_const_vm_flags
    CONFTEST: memory_failure_has_trapno_arg
    CONFTEST: backing_dev_info
    CONFTEST: mm_context_t
    CONFTEST: vm_fault_t
    CONFTEST: mmu_notifier_ops_invalidate_range
    CONFTEST: migrate_vma_added_flags
    CONFTEST: migrate_device_range
    CONFTEST: handle_mm_fault_has_mm_arg
    CONFTEST: handle_mm_fault_has_pt_regs_arg
    CONFTEST: mempolicy_has_unified_nodes
    CONFTEST: mempolicy_has_home_node
    CONFTEST: mmu_interval_notifier
    CONFTEST: drm_bus_present
    CONFTEST: drm_bus_has_bus_type
    CONFTEST: drm_bus_has_get_irq
    CONFTEST: drm_bus_has_get_name
    CONFTEST: drm_driver_has_device_list
    CONFTEST: drm_driver_has_legacy_dev_list
    CONFTEST: drm_driver_has_set_busid
    CONFTEST: drm_crtc_state_has_connectors_changed
    CONFTEST: drm_init_function_args
    CONFTEST: drm_helper_mode_fill_fb_struct
    CONFTEST: drm_master_drop_has_from_release_arg
    CONFTEST: drm_driver_unload_has_int_return_type
    CONFTEST: drm_atomic_helper_crtc_destroy_state_has_crtc_arg
    CONFTEST: drm_atomic_helper_plane_destroy_state_has_plane_arg
    CONFTEST: drm_mode_object_find_has_file_priv_arg
    CONFTEST: dma_buf_owner
    CONFTEST: drm_connector_list_iter
    CONFTEST: drm_atomic_helper_swap_state_has_stall_arg
    CONFTEST: drm_driver_prime_flag_present
    CONFTEST: drm_gem_object_has_resv
    CONFTEST: drm_crtc_state_has_async_flip
    CONFTEST: drm_crtc_state_has_pageflip_flags
    CONFTEST: drm_crtc_state_has_vrr_enabled
    CONFTEST: drm_format_modifiers_present
    CONFTEST: drm_vma_node_is_allowed_has_tag_arg
    CONFTEST: drm_vma_offset_node_has_readonly
    CONFTEST: drm_display_mode_has_vrefresh
    CONFTEST: drm_driver_master_set_has_int_return_type
    CONFTEST: drm_driver_has_gem_free_object
    CONFTEST: drm_prime_pages_to_sg_has_drm_device_arg
    CONFTEST: drm_driver_has_gem_prime_callbacks
    CONFTEST: drm_crtc_atomic_check_has_atomic_state_arg
    CONFTEST: drm_gem_object_vmap_has_map_arg
    CONFTEST: drm_plane_atomic_check_has_atomic_state_arg
    CONFTEST: drm_device_has_pdev
    CONFTEST: drm_crtc_state_has_no_vblank
    CONFTEST: drm_mode_config_has_allow_fb_modifiers
    CONFTEST: drm_has_hdr_output_metadata
    CONFTEST: dma_resv_add_fence
    CONFTEST: dma_resv_reserve_fences
    CONFTEST: reservation_object_reserve_shared_has_num_fences_arg
    CONFTEST: drm_connector_has_override_edid
    CONFTEST: drm_master_has_leases
    CONFTEST: drm_file_get_master
    CONFTEST: drm_modeset_lock_all_end
    CONFTEST: drm_connector_lookup
    CONFTEST: drm_connector_put
    CONFTEST: drm_driver_has_dumb_destroy
    CONFTEST: dom0_kernel_present
    CONFTEST: nvidia_vgpu_kvm_build
    CONFTEST: nvidia_grid_build
    CONFTEST: nvidia_grid_csp_build
    CONFTEST: pm_runtime_available
    CONFTEST: pci_class_multimedia_hd_audio
    CONFTEST: drm_available
    CONFTEST: vfio_pci_core_available
    CONFTEST: mdev_available
    CONFTEST: cmd_uphy_display_port_init
    CONFTEST: cmd_uphy_display_port_off
    CONFTEST: memory_failure_mf_sw_simulated_defined
    CONFTEST: drm_atomic_available
    CONFTEST: is_export_symbol_gpl_refcount_inc
    CONFTEST: is_export_symbol_gpl_refcount_dec_and_test
    CONFTEST: drm_alpha_blending_available
    CONFTEST: is_export_symbol_present_drm_gem_prime_fd_to_handle
    CONFTEST: is_export_symbol_present_drm_gem_prime_handle_to_fd
    CONFTEST: ib_peer_memory_symbols
     CC [M]  /tmp/selfgz18275/NVIDIA-Linux-x86_64-535.104.12/kernel/nvidia/nv.o
     CC [M]  /tmp/selfgz18275/NVIDIA-Linux-x86_64-535.104.12/kernel/nvidia/nv-pci.o
     CC [M]  /tmp/selfgz18275/NVIDIA-Linux-x86_64-535.104.12/kernel/nvidia/nv-dmabuf.o
     CC [M]  /tmp/selfgz18275/NVIDIA-Linux-x86_64-535.104.12/kernel/nvidia/nv-nano-timer.o
     CC [M]  /tmp/selfgz18275/NVIDIA-Linux-x86_64-535.104.12/kernel/nvidia/nv-acpi.o
     CC [M]  /tmp/selfgz18275/NVIDIA-Linux-x86_64-535.104.12/kernel/nvidia/nv-cray.o
     CC [M]  /tmp/selfgz18275/NVIDIA-Linux-x86_64-535.104.12/kernel/nvidia/nv-dma.o
     CC [M]  /tmp/selfgz18275/NVIDIA-Linux-x86_64-535.104.12/kernel/nvidia/nv-i2c.o
     CC [M]  /tmp/selfgz18275/NVIDIA-Linux-x86_64-535.104.12/kernel/nvidia/nv-mmap.o
     CC [M]  /tmp/selfgz18275/NVIDIA-Linux-x86_64-535.104.12/kernel/nvidia/nv-p2p.o
     CC [M]  /tmp/selfgz18275/NVIDIA-Linux-x86_64-535.104.12/kernel/nvidia/nv-pat.o
     CC [M]  /tmp/selfgz18275/NVIDIA-Linux-x86_64-535.104.12/kernel/nvidia/nv-procfs.o
     CC [M]  /tmp/selfgz18275/NVIDIA-Linux-x86_64-535.104.12/kernel/nvidia/nv-usermap.o
     CC [M]  /tmp/selfgz18275/NVIDIA-Linux-x86_64-535.104.12/kernel/nvidia/nv-vm.o
     CC [M]  /tmp/selfgz18275/NVIDIA-Linux-x86_64-535.104.12/kernel/nvidia/nv-vtophys.o
     CC [M]  /tmp/selfgz18275/NVIDIA-Linux-x86_64-535.104.12/kernel/nvidia/os-interface.o
     CC [M]  /tmp/selfgz18275/NVIDIA-Linux-x86_64-535.104.12/kernel/nvidia/os-mlock.o
     CC [M]  /tmp/selfgz18275/NVIDIA-Linux-x86_64-535.104.12/kernel/nvidia/os-pci.o
     CC [M]  /tmp/selfgz18275/NVIDIA-Linux-x86_64-535.104.12/kernel/nvidia/os-registry.o
     CC [M]  /tmp/selfgz18275/NVIDIA-Linux-x86_64-535.104.12/kernel/nvidia/os-usermap.o
     CC [M]  /tmp/selfgz18275/NVIDIA-Linux-x86_64-535.104.12/kernel/nvidia/nv-modeset-interface.o
     CC [M]  /tmp/selfgz18275/NVIDIA-Linux-x86_64-535.104.12/kernel/nvidia/nv-pci-table.o
     CC [M]  /tmp/selfgz18275/NVIDIA-Linux-x86_64-535.104.12/kernel/nvidia/nv-kthread-q.o
     CC [M]  /tmp/selfgz18275/NVIDIA-Linux-x86_64-535.104.12/kernel/nvidia/nv-memdbg.o
     CC [M]  /tmp/selfgz18275/NVIDIA-Linux-x86_64-535.104.12/kernel/nvidia/nv-ibmnpu.o
     CC [M]  /tmp/selfgz18275/NVIDIA-Linux-x86_64-535.104.12/kernel/nvidia/nv-report-err.o
     CC [M]  /tmp/selfgz18275/NVIDIA-Linux-x86_64-535.104.12/kernel/nvidia/nv-rsync.o
     CC [M]  /tmp/selfgz18275/NVIDIA-Linux-x86_64-535.104.12/kernel/nvidia/nv-msi.o
     CC [M]  /tmp/selfgz18275/NVIDIA-Linux-x86_64-535.104.12/kernel/nvidia/nv-caps.o
     CC [M]  /tmp/selfgz18275/NVIDIA-Linux-x86_64-535.104.12/kernel/nvidia/nv-frontend.o
     CC [M]  /tmp/selfgz18275/NVIDIA-Linux-x86_64-535.104.12/kernel/nvidia/nv_uvm_interface.o
     CC [M]  /tmp/selfgz18275/NVIDIA-Linux-x86_64-535.104.12/kernel/nvidia/libspdm_aead.o
     CC [M]  /tmp/selfgz18275/NVIDIA-Linux-x86_64-535.104.12/kernel/nvidia/libspdm_ecc.o
     CC [M]  /tmp/selfgz18275/NVIDIA-Linux-x86_64-535.104.12/kernel/nvidia/libspdm_hkdf.o
     CC [M]  /tmp/selfgz18275/NVIDIA-Linux-x86_64-535.104.12/kernel/nvidia/libspdm_rand.o
   /tmp/selfgz18275/NVIDIA-Linux-x86_64-535.104.12/kernel/nvidia/nv-dma.c: In function 'nv_dma_map_contig':
   /tmp/selfgz18275/NVIDIA-Linux-x86_64-535.104.12/kernel/nvidia/nv-dma.c:69:31: warning: passing argument 6 of 'dma_map_page_attrs' makes pointer from integer without a cast [enabled by default]
                                  DMA_ATTR_SKIP_CPU_SYNC : 0);
                                  ^
   In file included from /usr/src/kernels/3.10.0-1160.95.1.el7.x86_64/include/linux/dma-buf.h:31:0,
                    from /tmp/selfgz18275/NVIDIA-Linux-x86_64-535.104.12/kernel/common/inc/nv-linux.h:118,
                    from /tmp/selfgz18275/NVIDIA-Linux-x86_64-535.104.12/kernel/nvidia/nv-dma.c:27:
   /usr/src/kernels/3.10.0-1160.95.1.el7.x86_64/include/linux/dma-mapping.h:212:26: note: expected 'struct dma_attrs *' but argument is of type 'int'
    static inline dma_addr_t dma_map_page_attrs(struct device *dev,
                             ^
   /tmp/selfgz18275/NVIDIA-Linux-x86_64-535.104.12/kernel/nvidia/nv-dma.c: In function 'nv_dma_unmap_contig':
   /tmp/selfgz18275/NVIDIA-Linux-x86_64-535.104.12/kernel/nvidia/nv-dma.c:103:27: warning: passing argument 5 of 'dma_unmap_page_attrs' makes pointer from integer without a cast [enabled by default]
                              DMA_ATTR_SKIP_CPU_SYNC : 0);
                              ^
   In file included from /usr/src/kernels/3.10.0-1160.95.1.el7.x86_64/include/linux/dma-buf.h:31:0,
                    from /tmp/selfgz18275/NVIDIA-Linux-x86_64-535.104.12/kernel/common/inc/nv-linux.h:118,
                    from /tmp/selfgz18275/NVIDIA-Linux-x86_64-535.104.12/kernel/nvidia/nv-dma.c:27:
   /usr/src/kernels/3.10.0-1160.95.1.el7.x86_64/include/linux/dma-mapping.h:229:20: note: expected 'struct dma_attrs *' but argument is of type 'int'
    static inline void dma_unmap_page_attrs(struct device *dev,
                       ^
     CC [M]  /tmp/selfgz18275/NVIDIA-Linux-x86_64-535.104.12/kernel/nvidia/libspdm_shash.o
     CC [M]  /tmp/selfgz18275/NVIDIA-Linux-x86_64-535.104.12/kernel/nvidia/libspdm_aead_aes_gcm.o
     CC [M]  /tmp/selfgz18275/NVIDIA-Linux-x86_64-535.104.12/kernel/nvidia/libspdm_sha.o
     CC [M]  /tmp/selfgz18275/NVIDIA-Linux-x86_64-535.104.12/kernel/nvidia/libspdm_hmac_sha.o
     CC [M]  /tmp/selfgz18275/NVIDIA-Linux-x86_64-535.104.12/kernel/nvidia/libspdm_hkdf_sha.o
     CC [M]  /tmp/selfgz18275/NVIDIA-Linux-x86_64-535.104.12/kernel/nvidia/libspdm_ec.o
     CC [M]  /tmp/selfgz18275/NVIDIA-Linux-x86_64-535.104.12/kernel/nvidia/libspdm_x509.o
     CC [M]  /tmp/selfgz18275/NVIDIA-Linux-x86_64-535.104.12/kernel/nvidia/nvlink_linux.o
     CC [M]  /tmp/selfgz18275/NVIDIA-Linux-x86_64-535.104.12/kernel/nvidia/nvlink_caps.o
     CC [M]  /tmp/selfgz18275/NVIDIA-Linux-x86_64-535.104.12/kernel/nvidia/linux_nvswitch.o
     CC [M]  /tmp/selfgz18275/NVIDIA-Linux-x86_64-535.104.12/kernel/nvidia/procfs_nvswitch.o
     CC [M]  /tmp/selfgz18275/NVIDIA-Linux-x86_64-535.104.12/kernel/nvidia/i2c_nvswitch.o
     CC [M]  /tmp/selfgz18275/NVIDIA-Linux-x86_64-535.104.12/kernel/nvidia-uvm/uvm_ats_sva.o
     CC [M]  /tmp/selfgz18275/NVIDIA-Linux-x86_64-535.104.12/kernel/nvidia-uvm/uvm_conf_computing.o
     CC [M]  /tmp/selfgz18275/NVIDIA-Linux-x86_64-535.104.12/kernel/nvidia-uvm/uvm_sec2_test.o
     CC [M]  /tmp/selfgz18275/NVIDIA-Linux-x86_64-535.104.12/kernel/nvidia-uvm/uvm_maxwell_sec2.o
     CC [M]  /tmp/selfgz18275/NVIDIA-Linux-x86_64-535.104.12/kernel/nvidia-uvm/uvm_hopper_sec2.o
     CC [M]  /tmp/selfgz18275/NVIDIA-Linux-x86_64-535.104.12/kernel/nvidia-uvm/uvm_common.o
     CC [M]  /tmp/selfgz18275/NVIDIA-Linux-x86_64-535.104.12/kernel/nvidia-uvm/uvm_linux.o
     CC [M]  /tmp/selfgz18275/NVIDIA-Linux-x86_64-535.104.12/kernel/nvidia-uvm/nvstatus.o
     CC [M]  /tmp/selfgz18275/NVIDIA-Linux-x86_64-535.104.12/kernel/nvidia-uvm/nvCpuUuid.o
     CC [M]  /tmp/selfgz18275/NVIDIA-Linux-x86_64-535.104.12/kernel/nvidia-uvm/nv-kthread-q.o
     CC [M]  /tmp/selfgz18275/NVIDIA-Linux-x86_64-535.104.12/kernel/nvidia-uvm/nv-kthread-q-selftest.o
     CC [M]  /tmp/selfgz18275/NVIDIA-Linux-x86_64-535.104.12/kernel/nvidia-uvm/uvm.o
     CC [M]  /tmp/selfgz18275/NVIDIA-Linux-x86_64-535.104.12/kernel/nvidia-uvm/uvm_tools.o
     CC [M]  /tmp/selfgz18275/NVIDIA-Linux-x86_64-535.104.12/kernel/nvidia-uvm/uvm_global.o
     CC [M]  /tmp/selfgz18275/NVIDIA-Linux-x86_64-535.104.12/kernel/nvidia-uvm/uvm_gpu.o
     CC [M]  /tmp/selfgz18275/NVIDIA-Linux-x86_64-535.104.12/kernel/nvidia-uvm/uvm_gpu_isr.o
     CC [M]  /tmp/selfgz18275/NVIDIA-Linux-x86_64-535.104.12/kernel/nvidia-uvm/uvm_procfs.o
     CC [M]  /tmp/selfgz18275/NVIDIA-Linux-x86_64-535.104.12/kernel/nvidia-uvm/uvm_va_space.o
     CC [M]  /tmp/selfgz18275/NVIDIA-Linux-x86_64-535.104.12/kernel/nvidia-uvm/uvm_va_space_mm.o
     CC [M]  /tmp/selfgz18275/NVIDIA-Linux-x86_64-535.104.12/kernel/nvidia-uvm/uvm_gpu_semaphore.o
     CC [M]  /tmp/selfgz18275/NVIDIA-Linux-x86_64-535.104.12/kernel/nvidia-uvm/uvm_mem.o
     CC [M]  /tmp/selfgz18275/NVIDIA-Linux-x86_64-535.104.12/kernel/nvidia-uvm/uvm_rm_mem.o
     CC [M]  /tmp/selfgz18275/NVIDIA-Linux-x86_64-535.104.12/kernel/nvidia-uvm/uvm_channel.o
     CC [M]  /tmp/selfgz18275/NVIDIA-Linux-x86_64-535.104.12/kernel/nvidia-uvm/uvm_lock.o
     CC [M]  /tmp/selfgz18275/NVIDIA-Linux-x86_64-535.104.12/kernel/nvidia-uvm/uvm_hal.o
     CC [M]  /tmp/selfgz18275/NVIDIA-Linux-x86_64-535.104.12/kernel/nvidia-uvm/uvm_range_tree.o
     CC [M]  /tmp/selfgz18275/NVIDIA-Linux-x86_64-535.104.12/kernel/nvidia-uvm/uvm_rb_tree.o
     CC [M]  /tmp/selfgz18275/NVIDIA-Linux-x86_64-535.104.12/kernel/nvidia-uvm/uvm_range_allocator.o
     CC [M]  /tmp/selfgz18275/NVIDIA-Linux-x86_64-535.104.12/kernel/nvidia-uvm/uvm_va_range.o
     CC [M]  /tmp/selfgz18275/NVIDIA-Linux-x86_64-535.104.12/kernel/nvidia-uvm/uvm_va_policy.o
     CC [M]  /tmp/selfgz18275/NVIDIA-Linux-x86_64-535.104.12/kernel/nvidia-uvm/uvm_va_block.o
     CC [M]  /tmp/selfgz18275/NVIDIA-Linux-x86_64-535.104.12/kernel/nvidia-uvm/uvm_range_group.o
     CC [M]  /tmp/selfgz18275/NVIDIA-Linux-x86_64-535.104.12/kernel/nvidia-uvm/uvm_gpu_replayable_faults.o
     CC [M]  /tmp/selfgz18275/NVIDIA-Linux-x86_64-535.104.12/kernel/nvidia-uvm/uvm_gpu_non_replayable_faults.o
     CC [M]  /tmp/selfgz18275/NVIDIA-Linux-x86_64-535.104.12/kernel/nvidia-uvm/uvm_gpu_access_counters.o
     CC [M]  /tmp/selfgz18275/NVIDIA-Linux-x86_64-535.104.12/kernel/nvidia-uvm/uvm_perf_events.o
     CC [M]  /tmp/selfgz18275/NVIDIA-Linux-x86_64-535.104.12/kernel/nvidia-uvm/uvm_perf_module.o
     CC [M]  /tmp/selfgz18275/NVIDIA-Linux-x86_64-535.104.12/kernel/nvidia-uvm/uvm_mmu.o
     CC [M]  /tmp/selfgz18275/NVIDIA-Linux-x86_64-535.104.12/kernel/nvidia-uvm/uvm_pte_batch.o
     CC [M]  /tmp/selfgz18275/NVIDIA-Linux-x86_64-535.104.12/kernel/nvidia-uvm/uvm_tlb_batch.o
     CC [M]  /tmp/selfgz18275/NVIDIA-Linux-x86_64-535.104.12/kernel/nvidia-uvm/uvm_push.o
     CC [M]  /tmp/selfgz18275/NVIDIA-Linux-x86_64-535.104.12/kernel/nvidia-uvm/uvm_pushbuffer.o
     CC [M]  /tmp/selfgz18275/NVIDIA-Linux-x86_64-535.104.12/kernel/nvidia-uvm/uvm_thread_context.o
     CC [M]  /tmp/selfgz18275/NVIDIA-Linux-x86_64-535.104.12/kernel/nvidia-uvm/uvm_tracker.o
     CC [M]  /tmp/selfgz18275/NVIDIA-Linux-x86_64-535.104.12/kernel/nvidia-uvm/uvm_maxwell.o
     CC [M]  /tmp/selfgz18275/NVIDIA-Linux-x86_64-535.104.12/kernel/nvidia-uvm/uvm_maxwell_host.o
     CC [M]  /tmp/selfgz18275/NVIDIA-Linux-x86_64-535.104.12/kernel/nvidia-uvm/uvm_maxwell_ce.o
     CC [M]  /tmp/selfgz18275/NVIDIA-Linux-x86_64-535.104.12/kernel/nvidia-uvm/uvm_maxwell_mmu.o
     CC [M]  /tmp/selfgz18275/NVIDIA-Linux-x86_64-535.104.12/kernel/nvidia-uvm/uvm_maxwell_fault_buffer.o
     CC [M]  /tmp/selfgz18275/NVIDIA-Linux-x86_64-535.104.12/kernel/nvidia-uvm/uvm_maxwell_access_counter_buffer.o
     CC [M]  /tmp/selfgz18275/NVIDIA-Linux-x86_64-535.104.12/kernel/nvidia-uvm/uvm_pascal.o
     CC [M]  /tmp/selfgz18275/NVIDIA-Linux-x86_64-535.104.12/kernel/nvidia-uvm/uvm_pascal_ce.o
     CC [M]  /tmp/selfgz18275/NVIDIA-Linux-x86_64-535.104.12/kernel/nvidia-uvm/uvm_pascal_host.o
   /tmp/selfgz18275/NVIDIA-Linux-x86_64-535.104.12/kernel/nvidia-uvm/uvm_va_block.c: In function 'block_copy_resident_pages_between':
   /tmp/selfgz18275/NVIDIA-Linux-x86_64-535.104.12/kernel/nvidia-uvm/uvm_va_block.c:3161:5: warning: missing braces around initializer [-Wmissing-braces]
        block_copy_state_t copy_state = {0};
        ^
   /tmp/selfgz18275/NVIDIA-Linux-x86_64-535.104.12/kernel/nvidia-uvm/uvm_va_block.c:3161:5: warning: (near initialization for 'copy_state.src') [-Wmissing-braces]
     CC [M]  /tmp/selfgz18275/NVIDIA-Linux-x86_64-535.104.12/kernel/nvidia-uvm/uvm_pascal_mmu.o
     CC [M]  /tmp/selfgz18275/NVIDIA-Linux-x86_64-535.104.12/kernel/nvidia-uvm/uvm_pascal_fault_buffer.o
     CC [M]  /tmp/selfgz18275/NVIDIA-Linux-x86_64-535.104.12/kernel/nvidia-uvm/uvm_volta_ce.o
     CC [M]  /tmp/selfgz18275/NVIDIA-Linux-x86_64-535.104.12/kernel/nvidia-uvm/uvm_volta_host.o
     CC [M]  /tmp/selfgz18275/NVIDIA-Linux-x86_64-535.104.12/kernel/nvidia-uvm/uvm_volta_mmu.o
     CC [M]  /tmp/selfgz18275/NVIDIA-Linux-x86_64-535.104.12/kernel/nvidia-uvm/uvm_volta.o
     CC [M]  /tmp/selfgz18275/NVIDIA-Linux-x86_64-535.104.12/kernel/nvidia-uvm/uvm_volta_fault_buffer.o
     CC [M]  /tmp/selfgz18275/NVIDIA-Linux-x86_64-535.104.12/kernel/nvidia-uvm/uvm_volta_access_counter_buffer.o
     CC [M]  /tmp/selfgz18275/NVIDIA-Linux-x86_64-535.104.12/kernel/nvidia-uvm/uvm_turing.o
     CC [M]  /tmp/selfgz18275/NVIDIA-Linux-x86_64-535.104.12/kernel/nvidia-uvm/uvm_turing_access_counter_buffer.o
     CC [M]  /tmp/selfgz18275/NVIDIA-Linux-x86_64-535.104.12/kernel/nvidia-uvm/uvm_turing_fault_buffer.o
     CC [M]  /tmp/selfgz18275/NVIDIA-Linux-x86_64-535.104.12/kernel/nvidia-uvm/uvm_turing_mmu.o
     CC [M]  /tmp/selfgz18275/NVIDIA-Linux-x86_64-535.104.12/kernel/nvidia-uvm/uvm_turing_host.o
     CC [M]  /tmp/selfgz18275/NVIDIA-Linux-x86_64-535.104.12/kernel/nvidia-uvm/uvm_ampere.o
     CC [M]  /tmp/selfgz18275/NVIDIA-Linux-x86_64-535.104.12/kernel/nvidia-uvm/uvm_ampere_ce.o
     CC [M]  /tmp/selfgz18275/NVIDIA-Linux-x86_64-535.104.12/kernel/nvidia-uvm/uvm_ampere_host.o
     CC [M]  /tmp/selfgz18275/NVIDIA-Linux-x86_64-535.104.12/kernel/nvidia-uvm/uvm_ampere_mmu.o
     CC [M]  /tmp/selfgz18275/NVIDIA-Linux-x86_64-535.104.12/kernel/nvidia-uvm/uvm_hopper.o
     CC [M]  /tmp/selfgz18275/NVIDIA-Linux-x86_64-535.104.12/kernel/nvidia-uvm/uvm_hopper_fault_buffer.o
     CC [M]  /tmp/selfgz18275/NVIDIA-Linux-x86_64-535.104.12/kernel/nvidia-uvm/uvm_hopper_ce.o
     CC [M]  /tmp/selfgz18275/NVIDIA-Linux-x86_64-535.104.12/kernel/nvidia-uvm/uvm_hopper_host.o
     CC [M]  /tmp/selfgz18275/NVIDIA-Linux-x86_64-535.104.12/kernel/nvidia-uvm/uvm_hopper_mmu.o
     CC [M]  /tmp/selfgz18275/NVIDIA-Linux-x86_64-535.104.12/kernel/nvidia-uvm/uvm_ada.o
     CC [M]  /tmp/selfgz18275/NVIDIA-Linux-x86_64-535.104.12/kernel/nvidia-uvm/uvm_policy.o
     CC [M]  /tmp/selfgz18275/NVIDIA-Linux-x86_64-535.104.12/kernel/nvidia-uvm/uvm_perf_utils.o
     CC [M]  /tmp/selfgz18275/NVIDIA-Linux-x86_64-535.104.12/kernel/nvidia-uvm/uvm_kvmalloc.o
     CC [M]  /tmp/selfgz18275/NVIDIA-Linux-x86_64-535.104.12/kernel/nvidia-uvm/uvm_pmm_sysmem.o
     CC [M]  /tmp/selfgz18275/NVIDIA-Linux-x86_64-535.104.12/kernel/nvidia-uvm/uvm_pmm_gpu.o
     CC [M]  /tmp/selfgz18275/NVIDIA-Linux-x86_64-535.104.12/kernel/nvidia-uvm/uvm_migrate.o
     CC [M]  /tmp/selfgz18275/NVIDIA-Linux-x86_64-535.104.12/kernel/nvidia-uvm/uvm_populate_pageable.o
     CC [M]  /tmp/selfgz18275/NVIDIA-Linux-x86_64-535.104.12/kernel/nvidia-uvm/uvm_migrate_pageable.o
     CC [M]  /tmp/selfgz18275/NVIDIA-Linux-x86_64-535.104.12/kernel/nvidia-uvm/uvm_map_external.o
     CC [M]  /tmp/selfgz18275/NVIDIA-Linux-x86_64-535.104.12/kernel/nvidia-uvm/uvm_user_channel.o
     CC [M]  /tmp/selfgz18275/NVIDIA-Linux-x86_64-535.104.12/kernel/nvidia-uvm/uvm_hmm.o
     CC [M]  /tmp/selfgz18275/NVIDIA-Linux-x86_64-535.104.12/kernel/nvidia-uvm/uvm_perf_heuristics.o
     CC [M]  /tmp/selfgz18275/NVIDIA-Linux-x86_64-535.104.12/kernel/nvidia-uvm/uvm_perf_thrashing.o
     CC [M]  /tmp/selfgz18275/NVIDIA-Linux-x86_64-535.104.12/kernel/nvidia-uvm/uvm_perf_prefetch.o
     CC [M]  /tmp/selfgz18275/NVIDIA-Linux-x86_64-535.104.12/kernel/nvidia-uvm/uvm_ats.o
     CC [M]  /tmp/selfgz18275/NVIDIA-Linux-x86_64-535.104.12/kernel/nvidia-uvm/uvm_ats_ibm.o
     CC [M]  /tmp/selfgz18275/NVIDIA-Linux-x86_64-535.104.12/kernel/nvidia-uvm/uvm_test.o
     CC [M]  /tmp/selfgz18275/NVIDIA-Linux-x86_64-535.104.12/kernel/nvidia-uvm/uvm_ats_faults.o
     CC [M]  /tmp/selfgz18275/NVIDIA-Linux-x86_64-535.104.12/kernel/nvidia-uvm/uvm_test_rng.o
     CC [M]  /tmp/selfgz18275/NVIDIA-Linux-x86_64-535.104.12/kernel/nvidia-uvm/uvm_range_tree_test.o
     CC [M]  /tmp/selfgz18275/NVIDIA-Linux-x86_64-535.104.12/kernel/nvidia-uvm/uvm_range_allocator_test.o
     CC [M]  /tmp/selfgz18275/NVIDIA-Linux-x86_64-535.104.12/kernel/nvidia-uvm/uvm_gpu_semaphore_test.o
     CC [M]  /tmp/selfgz18275/NVIDIA-Linux-x86_64-535.104.12/kernel/nvidia-uvm/uvm_mem_test.o
     CC [M]  /tmp/selfgz18275/NVIDIA-Linux-x86_64-535.104.12/kernel/nvidia-uvm/uvm_rm_mem_test.o
     CC [M]  /tmp/selfgz18275/NVIDIA-Linux-x86_64-535.104.12/kernel/nvidia-uvm/uvm_page_tree_test.o
     CC [M]  /tmp/selfgz18275/NVIDIA-Linux-x86_64-535.104.12/kernel/nvidia-uvm/uvm_tracker_test.o
     CC [M]  /tmp/selfgz18275/NVIDIA-Linux-x86_64-535.104.12/kernel/nvidia-uvm/uvm_push_test.o
     CC [M]  /tmp/selfgz18275/NVIDIA-Linux-x86_64-535.104.12/kernel/nvidia-uvm/uvm_channel_test.o
     CC [M]  /tmp/selfgz18275/NVIDIA-Linux-x86_64-535.104.12/kernel/nvidia-uvm/uvm_ce_test.o
     CC [M]  /tmp/selfgz18275/NVIDIA-Linux-x86_64-535.104.12/kernel/nvidia-uvm/uvm_host_test.o
     CC [M]  /tmp/selfgz18275/NVIDIA-Linux-x86_64-535.104.12/kernel/nvidia-uvm/uvm_lock_test.o
     CC [M]  /tmp/selfgz18275/NVIDIA-Linux-x86_64-535.104.12/kernel/nvidia-uvm/uvm_perf_utils_test.o
     CC [M]  /tmp/selfgz18275/NVIDIA-Linux-x86_64-535.104.12/kernel/nvidia-uvm/uvm_kvmalloc_test.o
     CC [M]  /tmp/selfgz18275/NVIDIA-Linux-x86_64-535.104.12/kernel/nvidia-uvm/uvm_pmm_test.o
     CC [M]  /tmp/selfgz18275/NVIDIA-Linux-x86_64-535.104.12/kernel/nvidia-uvm/uvm_pmm_sysmem_test.o
     CC [M]  /tmp/selfgz18275/NVIDIA-Linux-x86_64-535.104.12/kernel/nvidia-uvm/uvm_perf_events_test.o
     CC [M]  /tmp/selfgz18275/NVIDIA-Linux-x86_64-535.104.12/kernel/nvidia-uvm/uvm_perf_module_test.o
     CC [M]  /tmp/selfgz18275/NVIDIA-Linux-x86_64-535.104.12/kernel/nvidia-uvm/uvm_get_rm_ptes_test.o
     CC [M]  /tmp/selfgz18275/NVIDIA-Linux-x86_64-535.104.12/kernel/nvidia-uvm/uvm_fault_buffer_flush_test.o
     CC [M]  /tmp/selfgz18275/NVIDIA-Linux-x86_64-535.104.12/kernel/nvidia-uvm/uvm_peer_identity_mappings_test.o
     CC [M]  /tmp/selfgz18275/NVIDIA-Linux-x86_64-535.104.12/kernel/nvidia-uvm/uvm_va_block_test.o
     CC [M]  /tmp/selfgz18275/NVIDIA-Linux-x86_64-535.104.12/kernel/nvidia-uvm/uvm_range_group_tree_test.o
     CC [M]  /tmp/selfgz18275/NVIDIA-Linux-x86_64-535.104.12/kernel/nvidia-uvm/uvm_thread_context_test.o
     CC [M]  /tmp/selfgz18275/NVIDIA-Linux-x86_64-535.104.12/kernel/nvidia-uvm/uvm_rb_tree_test.o
     CC [M]  /tmp/selfgz18275/NVIDIA-Linux-x86_64-535.104.12/kernel/nvidia-modeset/nvidia-modeset-linux.o
     CC [M]  /tmp/selfgz18275/NVIDIA-Linux-x86_64-535.104.12/kernel/nvidia-modeset/nv-kthread-q.o
     CC [M]  /tmp/selfgz18275/NVIDIA-Linux-x86_64-535.104.12/kernel/nvidia-drm/nvidia-drm.o
     CC [M]  /tmp/selfgz18275/NVIDIA-Linux-x86_64-535.104.12/kernel/nvidia-drm/nvidia-drm-drv.o
     CC [M]  /tmp/selfgz18275/NVIDIA-Linux-x86_64-535.104.12/kernel/nvidia-drm/nvidia-drm-utils.o
     CC [M]  /tmp/selfgz18275/NVIDIA-Linux-x86_64-535.104.12/kernel/nvidia-drm/nvidia-drm-crtc.o
   /tmp/selfgz18275/NVIDIA-Linux-x86_64-535.104.12/kernel/nvidia-uvm/uvm_ce_test.c: In function 'test_memcpy_and_memset':
   /tmp/selfgz18275/NVIDIA-Linux-x86_64-535.104.12/kernel/nvidia-uvm/uvm_ce_test.c:407:5: warning: missing braces around initializer [-Wmissing-braces]
        uvm_gpu_address_t gpu_addresses[4] = {0};
        ^
   /tmp/selfgz18275/NVIDIA-Linux-x86_64-535.104.12/kernel/nvidia-uvm/uvm_ce_test.c:407:5: warning: (near initialization for 'gpu_addresses[0]') [-Wmissing-braces]
     CC [M]  /tmp/selfgz18275/NVIDIA-Linux-x86_64-535.104.12/kernel/nvidia-drm/nvidia-drm-encoder.o
     CC [M]  /tmp/selfgz18275/NVIDIA-Linux-x86_64-535.104.12/kernel/nvidia-drm/nvidia-drm-connector.o
     CC [M]  /tmp/selfgz18275/NVIDIA-Linux-x86_64-535.104.12/kernel/nvidia-drm/nvidia-drm-gem.o
     CC [M]  /tmp/selfgz18275/NVIDIA-Linux-x86_64-535.104.12/kernel/nvidia-drm/nvidia-drm-fb.o
     CC [M]  /tmp/selfgz18275/NVIDIA-Linux-x86_64-535.104.12/kernel/nvidia-drm/nvidia-drm-modeset.o
     CC [M]  /tmp/selfgz18275/NVIDIA-Linux-x86_64-535.104.12/kernel/nvidia-drm/nvidia-drm-fence.o
     CC [M]  /tmp/selfgz18275/NVIDIA-Linux-x86_64-535.104.12/kernel/nvidia-drm/nvidia-drm-linux.o
     CC [M]  /tmp/selfgz18275/NVIDIA-Linux-x86_64-535.104.12/kernel/nvidia-drm/nvidia-drm-helper.o
     CC [M]  /tmp/selfgz18275/NVIDIA-Linux-x86_64-535.104.12/kernel/nvidia-drm/nv-pci-table.o
     CC [M]  /tmp/selfgz18275/NVIDIA-Linux-x86_64-535.104.12/kernel/nvidia-drm/nvidia-drm-gem-nvkms-memory.o
     CC [M]  /tmp/selfgz18275/NVIDIA-Linux-x86_64-535.104.12/kernel/nvidia-drm/nvidia-drm-gem-user-memory.o
     CC [M]  /tmp/selfgz18275/NVIDIA-Linux-x86_64-535.104.12/kernel/nvidia-drm/nvidia-drm-gem-dma-buf.o
     CC [M]  /tmp/selfgz18275/NVIDIA-Linux-x86_64-535.104.12/kernel/nvidia-drm/nvidia-drm-format.o
     CC [M]  /tmp/selfgz18275/NVIDIA-Linux-x86_64-535.104.12/kernel/nvidia-peermem/nvidia-peermem.o
   ld -r -o /tmp/selfgz18275/NVIDIA-Linux-x86_64-535.104.12/kernel/nvidia/nv-interface.o /tmp/selfgz18275/NVIDIA-Linux-x86_64-535.104.12/kernel/nvidia/nv.o /tmp/selfgz18275/NVIDIA-Linux-x86_64-535.104.12/kernel/nvidia/nv-pci.o /tmp/selfgz18275/NVIDIA-Linux-x86_64-535.104.12/kernel/nvidia/nv-dmabuf.o /tmp/selfgz18275/NVIDIA-Linux-x86_64-535.104.12/kernel/nvidia/nv-nano-timer.o /tmp/selfgz18275/NVIDIA-Linux-x86_64-535.104.12/kernel/nvidia/nv-acpi.o /tmp/selfgz18275/NVIDIA-Linux-x86_64-535.104.12/kernel/nvidia/nv-cray.o /tmp/selfgz18275/NVIDIA-Linux-x86_64-535.104.12/kernel/nvidia/nv-dma.o /tmp/selfgz18275/NVIDIA-Linux-x86_64-535.104.12/kernel/nvidia/nv-i2c.o /tmp/selfgz18275/NVIDIA-Linux-x86_64-535.104.12/kernel/nvidia/nv-mmap.o /tmp/selfgz18275/NVIDIA-Linux-x86_64-535.104.12/kernel/nvidia/nv-p2p.o /tmp/selfgz18275/NVIDIA-Linux-x86_64-535.104.12/kernel/nvidia/nv-pat.o /tmp/selfgz18275/NVIDIA-Linux-x86_64-535.104.12/kernel/nvidia/nv-procfs.o /tmp/selfgz18275/NVIDIA-Linux-x86_64-535.104.12/kernel/nvidia/nv-usermap.o /tmp/selfgz18275/NVIDIA-Linux-x86_64-535.104.12/kernel/nvidia/nv-vm.o /tmp/selfgz18275/NVIDIA-Linux-x86_64-535.104
   .12/kernel/nvidia/nv-vtophys.o /tmp/selfgz18275/NVIDIA-Linux-x86_64-535.104.12/kernel/nvidia/os-interface.o /tmp/selfgz18275/NVIDIA-Linux-x86_64-535.104.12/kernel/nvidia/os-mlock.o /tmp/selfgz18275/NVIDIA-Linux-x86_64-535.104.12/kernel/nvidia/os-pci.o /tmp/selfgz18275/NVIDIA-Linux-x86_64-535.104.12/kernel/nvidia/os-registry.o /tmp/selfgz18275/NVIDIA-Linux-x86_64-535.104.12/kernel/nvidia/os-usermap.o /tmp/selfgz18275/NVIDIA-Linux-x86_64-535.104.12/kernel/nvidia/nv-modeset-interface.o /tmp/selfgz18275/NVIDIA-Linux-x86_64-535.104.12/kernel/nvidia/nv-pci-table.o /tmp/selfgz18275/NVIDIA-Linux-x86_64-535.104.12/kernel/nvidia/nv-kthread-q.o /tmp/selfgz18275/NVIDIA-Linux-x86_64-535.104.12/kernel/nvidia/nv-memdbg.o /tmp/selfgz18275/NVIDIA-Linux-x86_64-535.104.12/kernel/nvidia/nv-ibmnpu.o /tmp/selfgz18275/NVIDIA-Linux-x86_64-535.104.12/kernel/nvidia/nv-report-err.o /tmp/selfgz18275/NVIDIA-Linux-x86_64-535.104.12/kernel/nvidia/nv-rsync.o /tmp/selfgz18275/NVIDIA-Linux-x86_64-535.104.12/kernel/nvidia/nv-msi.o /tmp/selfgz1
   8275/NVIDIA-Linux-x86_64-535.104.12/kernel/nvidia/nv-caps.o /tmp/selfgz18275/NVIDIA-Linux-x86_64-535.104.12/kernel/nvidia/nv-frontend.o /tmp/selfgz18275/NVIDIA-Linux-x86_64-535.104.12/kernel/nvidia/nv_uvm_interface.o /tmp/selfgz18275/NVIDIA-Linux-x86_64-535.104.12/kernel/nvidia/libspdm_aead.o /tmp/selfgz18275/NVIDIA-Linux-x86_64-535.104.12/kernel/nvidia/libspdm_ecc.o /tmp/selfgz18275/NVIDIA-Linux-x86_64-535.104.12/kernel/nvidia/libspdm_hkdf.o /tmp/selfgz18275/NVIDIA-Linux-x86_64-535.104.12/kernel/nvidia/libspdm_rand.o /tmp/selfgz18275/NVIDIA-Linux-x86_64-535.104.12/kernel/nvidia/libspdm_shash.o /tmp/selfgz18275/NVIDIA-Linux-x86_64-535.104.12/kernel/nvidia/libspdm_aead_aes_gcm.o /tmp/selfgz18275/NVIDIA-Linux-x86_64-535.104.12/kernel/nvidia/libspdm_sha.o /tmp/selfgz18275/NVIDIA-Linux-x86_64-535.104.12/kernel/nvidia/libspdm_hmac_sha.o /tmp/selfgz18275/NVIDIA-Linux-x86_64-535.104.12/kernel/nvidia/libspdm_hkdf_sha.o /tmp/selfgz18275/NVIDIA-Linux-x86_64-535.104.12/kernel/nvidia/libspdm_ec.o /tmp/selfgz18275/NVIDIA-
   Linux-x86_64-535.104.12/kernel/nvidia/libspdm_x509.o /tmp/selfgz18275/NVIDIA-Linux-x86_64-535.104.12/kernel/nvidia/nvlink_linux.o /tmp/selfgz18275/NVIDIA-Linux-x86_64-535.104.12/kernel/nvidia/nvlink_caps.o /tmp/selfgz18275/NVIDIA-Linux-x86_64-535.104.12/kernel/nvidia/linux_nvswitch.o /tmp/selfgz18275/NVIDIA-Linux-x86_64-535.104.12/kernel/nvidia/procfs_nvswitch.o /tmp/selfgz18275/NVIDIA-Linux-x86_64-535.104.12/kernel/nvidia/i2c_nvswitch.o
   ld -r -o /tmp/selfgz18275/NVIDIA-Linux-x86_64-535.104.12/kernel/nvidia-modeset/nv-modeset-interface.o /tmp/selfgz18275/NVIDIA-Linux-x86_64-535.104.12/kernel/nvidia-modeset/nvidia-modeset-linux.o /tmp/selfgz18275/NVIDIA-Linux-x86_64-535.104.12/kernel/nvidia-modeset/nv-kthread-q.o
     LD [M]  /tmp/selfgz18275/NVIDIA-Linux-x86_64-535.104.12/kernel/nvidia.o
     LD [M]  /tmp/selfgz18275/NVIDIA-Linux-x86_64-535.104.12/kernel/nvidia-modeset.o
     LD [M]  /tmp/selfgz18275/NVIDIA-Linux-x86_64-535.104.12/kernel/nvidia-peermem.o
     LD [M]  /tmp/selfgz18275/NVIDIA-Linux-x86_64-535.104.12/kernel/nvidia-drm.o
     LD [M]  /tmp/selfgz18275/NVIDIA-Linux-x86_64-535.104.12/kernel/nvidia-uvm.o
     Building modules, stage 2.
     MODPOST 5 modules
     CC      /tmp/selfgz18275/NVIDIA-Linux-x86_64-535.104.12/kernel/nvidia-drm.mod.o
     CC      /tmp/selfgz18275/NVIDIA-Linux-x86_64-535.104.12/kernel/nvidia-modeset.mod.o
     CC      /tmp/selfgz18275/NVIDIA-Linux-x86_64-535.104.12/kernel/nvidia-peermem.mod.o
     CC      /tmp/selfgz18275/NVIDIA-Linux-x86_64-535.104.12/kernel/nvidia-uvm.mod.o
     CC      /tmp/selfgz18275/NVIDIA-Linux-x86_64-535.104.12/kernel/nvidia.mod.o
     LD [M]  /tmp/selfgz18275/NVIDIA-Linux-x86_64-535.104.12/kernel/nvidia-drm.ko
     LD [M]  /tmp/selfgz18275/NVIDIA-Linux-x86_64-535.104.12/kernel/nvidia-modeset.ko
     LD [M]  /tmp/selfgz18275/NVIDIA-Linux-x86_64-535.104.12/kernel/nvidia-peermem.ko
     LD [M]  /tmp/selfgz18275/NVIDIA-Linux-x86_64-535.104.12/kernel/nvidia-uvm.ko
     LD [M]  /tmp/selfgz18275/NVIDIA-Linux-x86_64-535.104.12/kernel/nvidia.ko
   make[1]: Leaving directory `/usr/src/kernels/3.10.0-1160.95.1.el7.x86_64'
-> done.
-> Kernel module compilation complete.
-> Kernel messages:
[1259274.216547] [drm] [nvidia-drm] [GPU ID 0x00001300] Unloading driver
[1259274.216648] [drm] [nvidia-drm] [GPU ID 0x00000c00] Unloading driver
[1259274.216780] [drm] [nvidia-drm] [GPU ID 0x00000400] Unloading driver
[1259274.225353] nvidia-modeset: Unloading
[1259274.235985] nvidia-nvlink: Unregistered Nvlink Core, major device number 241
[1259313.939417] VFIO - User Level meta-driver version: 0.3
[1259314.303364] nvidia-nvlink: Nvlink Core is being initialized, major device number 240
[1259314.478653] NVRM: loading NVIDIA UNIX x86_64 Kernel Module  535.104.12  Wed Sep 20 09:35:17 UTC 2023
[1259314.546746] nvidia-uvm: Loaded the UVM driver, major device number 238.
[1259314.556645] nvidia-modeset: Loading NVIDIA Kernel Mode Setting Driver for UNIX platforms  535.104.12  Wed Sep 20 09:17:53 UTC 2023
[1259314.562201] [drm] [nvidia-drm] [GPU ID 0x00000400] Loading driver
[1259314.562204] [drm] Initialized nvidia-drm 0.0.0 20160202 for 0000:04:00.0 on minor 0
[1259314.562314] [drm] [nvidia-drm] [GPU ID 0x00000c00] Loading driver
[1259314.562316] [drm] Initialized nvidia-drm 0.0.0 20160202 for 0000:0c:00.0 on minor 1
[1259314.562436] [drm] [nvidia-drm] [GPU ID 0x00001300] Loading driver
[1259314.562437] [drm] Initialized nvidia-drm 0.0.0 20160202 for 0000:13:00.0 on minor 2
[1259314.562539] [drm] [nvidia-drm] [GPU ID 0x00001b00] Loading driver
[1259314.562540] [drm] Initialized nvidia-drm 0.0.0 20160202 for 0000:1b:00.0 on minor 3
[1259314.568648] [drm] [nvidia-drm] [GPU ID 0x00001b00] Unloading driver
[1259314.568796] [drm] [nvidia-drm] [GPU ID 0x00001300] Unloading driver
[1259314.568932] [drm] [nvidia-drm] [GPU ID 0x00000c00] Unloading driver
[1259314.569098] [drm] [nvidia-drm] [GPU ID 0x00000400] Unloading driver
[1259314.573049] nvidia-modeset: Unloading
[1259314.577487] nvidia-uvm: Unloaded the UVM driver.
[1259314.583807] nvidia-nvlink: Unregistered Nvlink Core, major device number 240
-> Install NVIDIA's 32-bit compatibility libraries? (Answer: Yes)
WARNING: This NVIDIA driver package includes Vulkan components, but no Vulkan ICD loader was detected on this system. The NVIDIA Vulkan ICD will not function without the loader. Most distributions package the Vulkan loader; try installing the "vulkan-loader", "vulkan-icd-loader", or "libvulkan1" package.
-> Uninstalling the previous installation with /usr/bin/nvidia-uninstall.
-> Would you like to register the kernel module sources with DKMS? This will allow DKMS to automatically build a new module, if your kernel changes later. (Answer: No)
Looking for install checker script at ./libglvnd_install_checker/check-libglvnd-install.sh
   executing: '/bin/sh ./libglvnd_install_checker/check-libglvnd-install.sh'...
   Found libglvnd libraries: libGLESv2.so.2 libGLESv1_CM.so.1 libOpenGL.so.0 libEGL.so.1 libGLX.so.0 libGL.so.1
   Found non-libglvnd libraries:
   Missing libraries:
   libglvnd appears to be installed.
Will not install libglvnd libraries.
-> Skipping GLVND file: "libOpenGL.so.0"
-> Skipping GLVND file: "libOpenGL.so"
-> Skipping GLVND file: "libGLESv1_CM.so.1.2.0"
-> Skipping GLVND file: "libGLESv1_CM.so.1"
-> Skipping GLVND file: "libGLESv1_CM.so"
-> Skipping GLVND file: "libGLESv2.so.2.1.0"
-> Skipping GLVND file: "libGLESv2.so.2"
-> Skipping GLVND file: "libGLESv2.so"
-> Skipping GLVND file: "libGLdispatch.so.0"
-> Skipping GLVND file: "libGLX.so.0"
-> Skipping GLVND file: "libGLX.so"
-> Skipping GLVND file: "libGL.so.1.7.0"
-> Skipping GLVND file: "libGL.so.1"
-> Skipping GLVND file: "libGL.so"
-> Skipping GLVND file: "libEGL.so.1.1.0"
-> Skipping GLVND file: "libEGL.so.1"
-> Skipping GLVND file: "libEGL.so"
-> Skipping GLVND file: "./32/libOpenGL.so.0"
-> Skipping GLVND file: "libOpenGL.so"
-> Skipping GLVND file: "./32/libGLdispatch.so.0"
-> Skipping GLVND file: "./32/libGLESv2.so.2.1.0"
-> Skipping GLVND file: "libGLESv2.so.2"
-> Skipping GLVND file: "libGLESv2.so"
-> Skipping GLVND file: "./32/libGLESv1_CM.so.1.2.0"
-> Skipping GLVND file: "libGLESv1_CM.so.1"
-> Skipping GLVND file: "libGLESv1_CM.so"
-> Skipping GLVND file: "./32/libGL.so.1.7.0"
-> Skipping GLVND file: "libGL.so.1"
-> Skipping GLVND file: "libGL.so"
-> Skipping GLVND file: "./32/libGLX.so.0"
-> Skipping GLVND file: "libGLX.so"
-> Skipping GLVND file: "./32/libEGL.so.1.1.0"
-> Skipping GLVND file: "libEGL.so.1"
-> Skipping GLVND file: "libEGL.so"
Will install libEGL vendor library config file to /usr/share/glvnd/egl_vendor.d
-> Searching for conflicting files:
-> done.
-> Installing 'NVIDIA Accelerated Graphics Driver for Linux-x86_64' (535.104.12):
   executing: '/usr/sbin/ldconfig'...
   /usr/sbin/ldconfig: File /usr/local/cuda-11.5/targets/x86_64-linux/lib/libcudnn_adv_infer.so is empty, not checked.
   /usr/sbin/ldconfig: File /usr/local/cuda-11.5/targets/x86_64-linux/lib/libcudnn_adv_infer.so.8 is empty, not checked.
   /usr/sbin/ldconfig: File /usr/local/cuda-11.5/targets/x86_64-linux/lib/libcudnn_adv_train.so is empty, not checked.
   /usr/sbin/ldconfig: File /usr/local/cuda-11.5/targets/x86_64-linux/lib/libcudnn_adv_train.so.8 is empty, not checked.
   /usr/sbin/ldconfig: File /usr/local/cuda-11.5/targets/x86_64-linux/lib/libcudnn_cnn_infer.so is empty, not checked.
   /usr/sbin/ldconfig: File /usr/local/cuda-11.5/targets/x86_64-linux/lib/libcudnn_cnn_infer.so.8 is empty, not checked.
   /usr/sbin/ldconfig: File /usr/local/cuda-11.5/targets/x86_64-linux/lib/libcudnn_cnn_train.so is empty, not checked.
   /usr/sbin/ldconfig: File /usr/local/cuda-11.5/targets/x86_64-linux/lib/libcudnn_cnn_train.so.8 is empty, not checked.
   /usr/sbin/ldconfig: File /usr/local/cuda-11.5/targets/x86_64-linux/lib/libcudnn_ops_infer.so is empty, not checked.
   /usr/sbin/ldconfig: File /usr/local/cuda-11.5/targets/x86_64-linux/lib/libcudnn_ops_infer.so.8 is empty, not checked.
   /usr/sbin/ldconfig: File /usr/local/cuda-11.5/targets/x86_64-linux/lib/libcudnn_ops_train.so is empty, not checked.
   /usr/sbin/ldconfig: File /usr/local/cuda-11.5/targets/x86_64-linux/lib/libcudnn_ops_train.so.8 is empty, not checked.
   /usr/sbin/ldconfig: File /usr/local/cuda-11.5/targets/x86_64-linux/lib/libcudnn.so is empty, not checked.
   /usr/sbin/ldconfig: File /usr/local/cuda-11.5/targets/x86_64-linux/lib/libcudnn.so.8 is empty, not checked.
   /usr/sbin/ldconfig: /usr/local/cuda-11.5/targets/x86_64-linux/lib/libcudnn.so.8 is not a symbolic link
   
   /usr/sbin/ldconfig: /usr/local/cuda-11.5/targets/x86_64-linux/lib/libcudnn_ops_train.so.8 is not a symbolic link
   
   /usr/sbin/ldconfig: /usr/local/cuda-11.5/targets/x86_64-linux/lib/libcudnn_ops_infer.so.8 is not a symbolic link
   
   /usr/sbin/ldconfig: /usr/local/cuda-11.5/targets/x86_64-linux/lib/libcudnn_cnn_train.so.8 is not a symbolic link
   
   /usr/sbin/ldconfig: /usr/local/cuda-11.5/targets/x86_64-linux/lib/libcudnn_cnn_infer.so.8 is not a symbolic link
   
   /usr/sbin/ldconfig: /usr/local/cuda-11.5/targets/x86_64-linux/lib/libcudnn_adv_train.so.8 is not a symbolic link
   
   /usr/sbin/ldconfig: /usr/local/cuda-11.5/targets/x86_64-linux/lib/libcudnn_adv_infer.so.8 is not a symbolic link
   
   executing: '/usr/sbin/depmod -a '...
   executing: '/usr/bin/systemctl daemon-reload'...
-> done.
-> Driver file installation is complete.
-> Running post-install sanity check:
-> done.
-> Post-install sanity check passed.
-> Installation of the NVIDIA Accelerated Graphics Driver for Linux-x86_64 (version: 535.104.12) is now complete.
